[18:45:05] [ServerMain/INFO]: Environment: authHost='https://authserver.mojang.com', accountsHost='https://api.mojang.com', sessionHost='https://sessionserver.mojang.com', servicesHost='https://api.minecraftservices.com', name='PROD'
[18:45:05] [ServerMain/INFO]: Found new data pack file/bukkit, loading it automatically
[18:45:07] [ServerMain/INFO]: Loaded 7 recipes
[18:45:07] [Server thread/INFO]: Starting minecraft server version 1.20
[18:45:07] [Server thread/INFO]: Loading properties
[18:45:08] [Server thread/INFO]: This server is running Paper version git-Paper-17 (MC: 1.20) (Implementing API version 1.20-R0.1-SNAPSHOT) (Git: c287e92)
[18:45:08] [Server thread/INFO]: Server Ping Player Sample Count: 12
[18:45:08] [Server thread/INFO]: Using 4 threads for Netty based IO
[18:45:08] [Server thread/INFO]: [ChunkTaskScheduler] Chunk system is using 1 I/O threads, 1 worker threads, and gen parallelism of 1 threads
[18:45:08] [Server thread/WARN]: [!] The timings profiler has been enabled but has been scheduled for removal from Paper in the future.
    We recommend installing the spark profiler as a replacement: https://spark.lucko.me/
    For more information please visit: https://github.com/PaperMC/Paper/issues/8948
[18:45:08] [Server thread/INFO]: Default game type: SURVIVAL
[18:45:08] [Server thread/INFO]: Generating keypair
[18:45:08] [Server thread/INFO]: Starting Minecraft server on *:25565
[18:45:08] [Server thread/INFO]: Using epoll channel type
[18:45:08] [Server thread/INFO]: Paper: Using libdeflate (Linux x86_64) compression from Velocity.
[18:45:08] [Server thread/INFO]: Paper: Using OpenSSL 1.1.x (Linux x86_64) cipher from Velocity.
[18:45:08] [Server thread/WARN]: **** SERVER IS RUNNING IN OFFLINE/INSECURE MODE!
[18:45:08] [Server thread/WARN]: The server will make no attempt to authenticate usernames. Beware.
[18:45:08] [Server thread/WARN]: While this makes the game possible to play without internet access, it also opens up the ability for hackers to connect with any username they choose.
[18:45:08] [Server thread/WARN]: To change this, set "online-mode" to "true" in the server.properties file.
[18:45:08] [Server thread/INFO]: Preparing level "world"
[18:45:20] [Server thread/INFO]: Preparing start region for dimension minecraft:overworld
[18:45:20] [Server thread/INFO]: Time elapsed: 153 ms
[18:45:20] [Server thread/INFO]: Preparing start region for dimension minecraft:the_nether
[18:45:21] [Server thread/INFO]: Time elapsed: 143 ms
[18:45:21] [Server thread/INFO]: Preparing start region for dimension minecraft:the_end
[18:45:21] [Server thread/INFO]: Time elapsed: 78 ms
[18:45:21] [Server thread/INFO]: Running delayed init tasks
[18:45:21] [Server thread/INFO]: Done (13.303s)! For help, type "help"
[18:45:21] [Server thread/INFO]: Timings Reset
